<?xml version="1.0" encoding="UTF-8"?>
<!-- Generated by org.testng.reporters.JUnitReportReporter -->
<testsuite hostname="DESKTOP-LMKUKFJ" failures="0" tests="20" name="Freedo_domain.user_management1" time="190.271" errors="0" timestamp="2023-03-10T20:26:09 IST" skipped="0">
  <testcase classname="Freedo_domain.user_management1" name="TC_001_verify_user_management_tab_under_admin" time="11.131"/>
  <system-out/>
  <testcase classname="Freedo_domain.user_management1" name="TC_002_verify_valid_register_user_by_name" time="11.020"/>
  <system-out/>
  <testcase classname="Freedo_domain.user_management1" name="TC_003_verify_valid_register_user_by_mobile_number" time="10.468"/>
  <system-out/>
  <testcase classname="Freedo_domain.user_management1" name="TC_004_verify_valid_register_user_by_email" time="10.982"/>
  <system-out/>
  <testcase classname="Freedo_domain.user_management1" name="TC_005_Verify_In_valid_register_user_search_by_user_name" time="3.080"/>
  <system-out/>
  <testcase classname="Freedo_domain.user_management1" name="TC_006_Verify_In_valid_register_user_search_by_user_mobile_number" time="3.276"/>
  <system-out/>
  <testcase classname="Freedo_domain.user_management1" name="TC_007_Verify_In_valid_register_user_search_by_user_email_id" time="3.517"/>
  <system-out/>
  <testcase classname="Freedo_domain.user_management1" name="TC_008_Verify_all_elements_of_the_Select_status_drop_down" time="5.728"/>
  <system-out/>
  <testcase classname="Freedo_domain.user_management1" name="TC_009_Verify_Select_status_drop_down_All_tab" time="14.545"/>
  <system-out/>
  <testcase classname="Freedo_domain.user_management1" name="TC_0010_Verify_Select_status_drop_down_Active_tab" time="14.400"/>
  <system-out/>
  <testcase classname="Freedo_domain.user_management1" name="TC_0011_Verify_Select_status_drop_down_InActive_tab" time="3.231"/>
  <system-out/>
  <testcase classname="Freedo_domain.user_management1" name="TC_0012_Verify_Select_status_drop_down_Deleted_tab" time="8.021"/>
  <system-out/>
  <testcase classname="Freedo_domain.user_management1" name="TC_0013_Verify_Select_status_drop_down_Blocked_tab" time="6.311"/>
  <system-out/>
  <testcase classname="Freedo_domain.user_management1" name="TC_0014_Verify_Select_status_drop_down_All_tab_negative" time="17.647"/>
  <system-out/>
  <testcase classname="Freedo_domain.user_management1" name="TC_0015_Verify_Select_status_drop_down_Active_tab_negative" time="17.458"/>
  <system-out/>
  <testcase classname="Freedo_domain.user_management1" name="TC_0016_Verify_Select_status_drop_down_InActive_tab_negative" time="5.194"/>
  <system-out/>
  <testcase classname="Freedo_domain.user_management1" name="TC_0017_Verify_Select_status_drop_down_Deleted_tab_negative" time="9.986"/>
  <system-out/>
  <testcase classname="Freedo_domain.user_management1" name="TC_0018_Verify_Select_status_drop_down_Blocked_tab_negative" time="8.080"/>
  <system-out/>
  <testcase classname="Freedo_domain.user_management1" name="TC_0019_Verify_all_the_elements_of_KYC_Status_drop_down" time="6.641"/>
  <system-out/>
  <testcase classname="Freedo_domain.user_management1" name="TC_0020_Verify_KYC_Status_drop_down_All_tab" time="19.555"/>
  <system-out/>
</testsuite> <!-- Freedo_domain.user_management1 -->
