<?xml version="1.0" encoding="UTF-8"?>
<!-- Generated by org.testng.reporters.JUnitReportReporter -->
<testsuite hostname="DESKTOP-LMKUKFJ" failures="0" tests="12" name="Freedo_domain.web_admin_1" time="203.272" errors="0" timestamp="2023-02-28T16:32:04 IST" skipped="1">
  <testcase classname="Freedo_domain.web_admin_1" name="TC_008_verify_valid_Vehicle_statistics_count" time="9.353"/>
  <system-out/>
  <testcase classname="Freedo_domain.web_admin_1" name="TC_001_verify_valid_launch_of_web_application" time="0.054"/>
  <system-out/>
  <testcase classname="Freedo_domain.web_admin_1" name="TC_010_verify_valid_Booking_Statistics_count" time="1.872"/>
  <system-out/>
  <testcase classname="Freedo_domain.web_admin_1" name="TC_012_verify_valid_Action_functionallity" time="92.359"/>
  <system-out/>
  <testcase classname="Freedo_domain.web_admin_1" name="TC_005_verify_valid_Login_funcationality" time="2.633"/>
  <system-out/>
  <testcase classname="Freedo_domain.web_admin_1" name="TC_011_verify_valid_Booking_list_as_per_booking_tabs" time="8.374"/>
  <system-out/>
  <testcase classname="Freedo_domain.web_admin_1" name="TC_003_verify_invalid_Login_functionality" time="3.618"/>
  <system-out/>
  <testcase classname="Freedo_domain.web_admin_1" name="TC_006_verify_content_Home_page_of_Admin" time="69.550"/>
  <system-out/>
  <testcase classname="Freedo_domain.web_admin_1" name="TC_002_verify_invalid_launch_of_web_application" time="4.363"/>
  <system-out/>
  <testcase classname="Freedo_domain.web_admin_1" name="TC_007_verify_content_of_Dashboard" time="9.138"/>
  <system-out/>
  <testcase classname="Freedo_domain.web_admin_1" name="TC_009_verify_valid_User_Statistics_count" time="1.958"/>
  <system-out/>
  <testcase classname="Freedo_domain.web_admin_1" name="TC_004_verify_max_invalid_Login_attempt">
    <skipped/>
  </testcase> <!-- TC_004_verify_max_invalid_Login_attempt -->
  <system-out/>
</testsuite> <!-- Freedo_domain.web_admin_1 -->
