<?xml version="1.0" encoding="UTF-8"?>
<!-- Generated by org.testng.reporters.JUnitReportReporter -->
<testsuite hostname="DESKTOP-LMKUKFJ" failures="0" tests="9" name="Freedo_domain.user_management1" time="66.024" errors="0" timestamp="2023-03-10T13:31:49 IST" skipped="0">
  <testcase classname="Freedo_domain.user_management1" name="TC_001_verify_user_management_tab_under_admin" time="10.902"/>
  <system-out/>
  <testcase classname="Freedo_domain.user_management1" name="TC_002_verify_valid_register_user_by_name" time="10.404"/>
  <system-out/>
  <testcase classname="Freedo_domain.user_management1" name="TC_007_Verify_In_valid_register_user_search_by_user_email_id" time="3.453"/>
  <system-out/>
  <testcase classname="Freedo_domain.user_management1" name="TC_006_Verify_In_valid_register_user_search_by_user_mobile_number" time="3.183"/>
  <system-out/>
  <testcase classname="Freedo_domain.user_management1" name="TC_008_Verify_all_elements_of_the_Select_status_drop_down" time="5.803"/>
  <system-out/>
  <testcase classname="Freedo_domain.user_management1" name="TC_005_Verify_In_valid_register_user_search_by_user_name" time="3.001"/>
  <system-out/>
  <testcase classname="Freedo_domain.user_management1" name="TC_004_verify_valid_register_user_by_email" time="10.792"/>
  <system-out/>
  <testcase classname="Freedo_domain.user_management1" name="TC_003_verify_valid_register_user_by_mobile_number" time="10.208"/>
  <system-out/>
  <testcase classname="Freedo_domain.user_management1" name="TC_009_Verify_Select_status_drop_down_All_tab" time="8.278"/>
  <system-out/>
</testsuite> <!-- Freedo_domain.user_management1 -->
