<?xml version="1.0" encoding="UTF-8"?>
<!-- Generated by org.testng.reporters.JUnitReportReporter -->
<testsuite hostname="Prathmesh" failures="0" tests="3" name="Freedo_domain.TC_0001" time="14.657" errors="0" timestamp="2023-01-06T13:35:55 IST" skipped="0">
  <testcase classname="Freedo_domain.TC_0001" name="Verify_user_Management_process" time="5.912"/>
  <system-out/>
  <testcase classname="Freedo_domain.TC_0001" name="verify_manual_bike_booking" time="7.664"/>
  <system-out/>
  <testcase classname="Freedo_domain.TC_0001" name="Login_Account" time="1.081"/>
  <system-out/>
</testsuite> <!-- Freedo_domain.TC_0001 -->
