<?xml version="1.0" encoding="UTF-8"?>
<!-- Generated by org.testng.reporters.JUnitReportReporter -->
<testsuite hostname="Prathmesh" failures="0" tests="2" name="Freedo_domain.web_admin_1" time="0.045" errors="0" timestamp="2023-02-09T14:51:04 IST" skipped="1">
  <testcase classname="Freedo_domain.web_admin_1" name="TC_001_verify_valid_launch_of_web_application" time="0.045"/>
  <system-out/>
  <testcase classname="Freedo_domain.web_admin_1" name="TC_002_verify_valid_launch_of_web_application">
    <skipped/>
  </testcase> <!-- TC_002_verify_valid_launch_of_web_application -->
  <system-out/>
</testsuite> <!-- Freedo_domain.web_admin_1 -->
