<?xml version="1.0" encoding="UTF-8"?>
<!-- Generated by org.testng.reporters.JUnitReportReporter -->
<testsuite hostname="DESKTOP-LMKUKFJ" failures="0" tests="2" name="sample.TC_0001" time="14.077" errors="0" timestamp="2023-03-10T17:21:20 IST" skipped="0">
  <testcase classname="sample.TC_0001" name="Login_Account" time="3.620"/>
  <system-out/>
  <testcase classname="sample.TC_0001" name="TC_0014_Verify_Select_status_drop_down_All_tab_negative" time="10.457"/>
  <system-out/>
</testsuite> <!-- sample.TC_0001 -->
