<?xml version="1.0" encoding="UTF-8"?>
<!-- Generated by org.testng.reporters.JUnitReportReporter -->
<testsuite hostname="DESKTOP-ATC838I" failures="0" tests="1" name="Freedo_domain.TC_0001" time="7.310" errors="0" timestamp="2022-12-06T00:27:54 IST" skipped="0">
  <testcase classname="Freedo_domain.TC_0001" name="Login_FB" time="7.310"/>
  <system-out/>
</testsuite> <!-- Freedo_domain.TC_0001 -->
