<?xml version="1.0" encoding="UTF-8"?>
<!-- Generated by org.testng.reporters.JUnitReportReporter -->
<testsuite hostname="Prathmesh" failures="0" tests="8" name="Freedo_domain.web_admin_1" time="55.415" errors="0" timestamp="2023-02-17T15:10:18 IST" skipped="1">
  <testcase classname="Freedo_domain.web_admin_1" name="TC_002_verify_invalid_launch_of_web_application" time="9.626"/>
  <system-out/>
  <testcase classname="Freedo_domain.web_admin_1" name="TC_006_verify_content_Home_page_of_Admin" time="22.373"/>
  <system-out/>
  <testcase classname="Freedo_domain.web_admin_1" name="TC_007_verify_content_of_Dashboard" time="8.149"/>
  <system-out/>
  <testcase classname="Freedo_domain.web_admin_1" name="TC_001_verify_valid_launch_of_web_application" time="0.084"/>
  <system-out/>
  <testcase classname="Freedo_domain.web_admin_1" name="TC_005_verify_valid_Login_funcationality" time="2.628"/>
  <system-out/>
  <testcase classname="Freedo_domain.web_admin_1" name="TC_003_verify_invalid_Login_functionality" time="1.997"/>
  <system-out/>
  <testcase classname="Freedo_domain.web_admin_1" name="TC_008_verify_valid_Vehicle_statistics_count" time="10.558"/>
  <system-out/>
  <testcase classname="Freedo_domain.web_admin_1" name="TC_004_verify_max_invalid_Login_attempt">
    <skipped/>
  </testcase> <!-- TC_004_verify_max_invalid_Login_attempt -->
  <system-out/>
</testsuite> <!-- Freedo_domain.web_admin_1 -->
