<?xml version="1.0" encoding="UTF-8"?>
<!-- Generated by org.testng.reporters.JUnitReportReporter -->
<testsuite hostname="Prathmesh" failures="0" tests="2" name="sample.TC_0001" time="4.033" errors="0" timestamp="2023-02-16T13:31:50 IST" skipped="0">
  <testcase classname="sample.TC_0001" name="verify_manual_bike_booking" time="3.107"/>
  <system-out/>
  <testcase classname="sample.TC_0001" name="Login_Account" time="0.926"/>
  <system-out/>
</testsuite> <!-- sample.TC_0001 -->
