<?xml version="1.0" encoding="UTF-8"?>
<!-- Generated by org.testng.reporters.JUnitReportReporter -->
<testsuite hostname="DESKTOP-8KL260M" failures="0" tests="3" name="personnel_execution.Current_Ac_Test1_28" time="0.012" errors="0" timestamp="2022-11-24T21:56:26 PST" skipped="2">
  <testcase classname="personnel_execution.Current_Ac_Test1_28" name="Test1" time="0.012"/>
  <system-out/>
  <testcase classname="personnel_execution.Current_Ac_Test1_28" name="Test3">
    <skipped/>
  </testcase> <!-- Test3 -->
  <system-out/>
  <testcase classname="personnel_execution.Current_Ac_Test1_28" name="Test2">
    <skipped/>
  </testcase> <!-- Test2 -->
  <system-out/>
</testsuite> <!-- personnel_execution.Current_Ac_Test1_28 -->
