<?xml version="1.0" encoding="UTF-8"?>
<!-- Generated by org.testng.reporters.JUnitReportReporter -->
<testsuite hostname="DESKTOP-LMKUKFJ" failures="0" tests="14" name="Freedo_domain.dashboard" time="179.811" errors="0" timestamp="2023-03-10T13:36:45 IST" skipped="1">
  <testcase classname="Freedo_domain.dashboard" name="TC_014_verify_admin_approve_request" time="36.477"/>
  <system-out/>
  <testcase classname="Freedo_domain.dashboard" name="TC_003_verify_invalid_Login_functionality" time="3.075"/>
  <system-out/>
  <testcase classname="Freedo_domain.dashboard" name="TC_012_verify_valid_Action_functionallity" time="51.530"/>
  <system-out/>
  <testcase classname="Freedo_domain.dashboard" name="TC_009_verify_valid_User_Statistics_count" time="1.954"/>
  <system-out/>
  <testcase classname="Freedo_domain.dashboard" name="TC_011_verify_valid_Booking_list_as_per_booking_tabs" time="8.467"/>
  <system-out/>
  <testcase classname="Freedo_domain.dashboard" name="TC_008_verify_valid_Vehicle_statistics_count" time="8.816"/>
  <system-out/>
  <testcase classname="Freedo_domain.dashboard" name="TC_007_verify_content_of_Dashboard" time="9.145"/>
  <system-out/>
  <testcase classname="Freedo_domain.dashboard" name="TC_006_verify_content_Home_page_of_Admin" time="50.899"/>
  <system-out/>
  <testcase classname="Freedo_domain.dashboard" name="TC_013_verify_valid_Action_View_icon_functionallity" time="0.972"/>
  <system-out/>
  <testcase classname="Freedo_domain.dashboard" name="TC_001_verify_valid_launch_of_web_application" time="0.100"/>
  <system-out/>
  <testcase classname="Freedo_domain.dashboard" name="TC_005_verify_valid_Login_funcationality" time="2.627"/>
  <system-out/>
  <testcase classname="Freedo_domain.dashboard" name="TC_010_verify_valid_Booking_Statistics_count" time="1.884"/>
  <system-out/>
  <testcase classname="Freedo_domain.dashboard" name="TC_002_verify_invalid_launch_of_web_application" time="3.865"/>
  <system-out/>
  <testcase classname="Freedo_domain.dashboard" name="TC_004_verify_max_invalid_Login_attempt">
    <skipped/>
  </testcase> <!-- TC_004_verify_max_invalid_Login_attempt -->
  <system-out/>
</testsuite> <!-- Freedo_domain.dashboard -->
