<?xml version="1.0" encoding="UTF-8"?>
<!-- Generated by org.testng.reporters.JUnitReportReporter -->
<testsuite hostname="DESKTOP-19KQ7J4" failures="0" tests="3" name="Freedo_domain.TC_0002" time="0.003" errors="0" timestamp="2023-01-03T00:52:57 IST" skipped="0">
  <testcase classname="Freedo_domain.TC_0002" name="Justcheck" time="0.001"/>
  <system-out/>
  <testcase classname="Freedo_domain.TC_0002" name="Justcheck" time="0.001"/>
  <system-out/>
  <testcase classname="Freedo_domain.TC_0002" name="Justcheck" time="0.001"/>
  <system-out/>
</testsuite> <!-- Freedo_domain.TC_0002 -->
