<?xml version="1.0" encoding="UTF-8"?>
<!-- Generated by org.testng.reporters.JUnitReportReporter -->
<testsuite hostname="DESKTOP-LMKUKFJ" failures="0" tests="4" name="Freedo_domain.user_management1" time="43.364" errors="0" timestamp="2023-03-09T14:29:49 IST" skipped="0">
  <testcase classname="Freedo_domain.user_management1" name="TC_001_verify_user_management_tab_under_admin" time="10.298"/>
  <system-out/>
  <testcase classname="Freedo_domain.user_management1" name="TC_002_verify_valid_register_user_by_name" time="9.890"/>
  <system-out/>
  <testcase classname="Freedo_domain.user_management1" name="TC_004_verify_valid_register_user_by_email" time="13.043"/>
  <system-out/>
  <testcase classname="Freedo_domain.user_management1" name="TC_003_verify_valid_register_user_by_mobile_number" time="10.133"/>
  <system-out/>
</testsuite> <!-- Freedo_domain.user_management1 -->
