<?xml version="1.0" encoding="UTF-8"?>
<!-- Generated by org.testng.reporters.JUnitReportReporter -->
<testsuite hostname="Prathmesh" failures="0" tests="6" name="Freedo_domain.web_admin_1" time="51.524" errors="0" timestamp="2023-02-10T16:49:33 IST" skipped="1">
  <testcase classname="Freedo_domain.web_admin_1" name="TC_005_verify_valid_Login_funcationality" time="2.383"/>
  <system-out/>
  <testcase classname="Freedo_domain.web_admin_1" name="TC_006_verify_content_Home_page_of_Admin" time="43.136"/>
  <system-out/>
  <testcase classname="Freedo_domain.web_admin_1" name="TC_002_verify_invalid_launch_of_web_application" time="4.151"/>
  <system-out/>
  <testcase classname="Freedo_domain.web_admin_1" name="TC_001_verify_valid_launch_of_web_application" time="0.056"/>
  <system-out/>
  <testcase classname="Freedo_domain.web_admin_1" name="TC_003_verify_invalid_Login_functionality" time="1.798"/>
  <system-out/>
  <testcase classname="Freedo_domain.web_admin_1" name="TC_004_verify_max_invalid_Login_attempt">
    <skipped/>
  </testcase> <!-- TC_004_verify_max_invalid_Login_attempt -->
  <system-out/>
</testsuite> <!-- Freedo_domain.web_admin_1 -->
