<?xml version="1.0" encoding="UTF-8"?>
<!-- Generated by org.testng.reporters.JUnitReportReporter -->
<testsuite hostname="DESKTOP-8KL260M" failures="0" tests="2" name="personnel_execution.TEST_NG_xml" time="0.000" errors="0" timestamp="2022-11-24T21:29:16 PST" skipped="2">
  <testcase classname="personnel_execution.TEST_NG_xml" name="Test1" time="0.000">
    <skipped/>
  </testcase> <!-- Test1 -->
  <system-out/>
  <testcase classname="personnel_execution.TEST_NG_xml" name="Test2" time="0.000">
    <skipped/>
  </testcase> <!-- Test2 -->
  <system-out/>
</testsuite> <!-- personnel_execution.TEST_NG_xml -->
