<?xml version="1.0" encoding="UTF-8"?>
<!-- Generated by org.testng.reporters.JUnitReportReporter -->
<testsuite hostname="DESKTOP-LMKUKFJ" failures="0" tests="2" name="sample.TC_0001" time="16.544" errors="0" timestamp="2023-03-14T17:12:01 IST" skipped="0">
  <testcase classname="sample.TC_0001" name="Login_Account" time="5.734"/>
  <system-out/>
  <testcase classname="sample.TC_0001" name="TC_0032_verify_the_Delete_icon_by_clicking_on_it_under_Action" time="10.810"/>
  <system-out/>
</testsuite> <!-- sample.TC_0001 -->
