<?xml version="1.0" encoding="UTF-8"?>
<!-- Generated by org.testng.reporters.JUnitReportReporter -->
<testsuite hostname="DESKTOP-ATC838I" failures="0" tests="3" name="Merlin_domain.TC_0001" time="24.199" errors="0" timestamp="2022-12-05T23:46:35 IST" skipped="0">
  <testcase classname="Merlin_domain.TC_0001" name="Login_FB" time="8.974"/>
  <system-out/>
  <testcase classname="Merlin_domain.TC_0001" name="Login_FB" time="8.463"/>
  <system-out/>
  <testcase classname="Merlin_domain.TC_0001" name="Login_FB" time="6.762"/>
  <system-out/>
</testsuite> <!-- Merlin_domain.TC_0001 -->
