<?xml version="1.0" encoding="UTF-8"?>
<!-- Generated by org.testng.reporters.JUnitReportReporter -->
<testsuite hostname="DESKTOP-LMKUKFJ" failures="0" tests="2" name="sample.TC_0001" time="18.733" errors="0" timestamp="2023-03-13T23:19:42 IST" skipped="0">
  <testcase classname="sample.TC_0001" name="Login_Account" time="5.491"/>
  <system-out/>
  <testcase classname="sample.TC_0001" name="TC_0029_verify_the_View_icon_by_clicking_on_it_under_Action" time="13.242"/>
  <system-out/>
</testsuite> <!-- sample.TC_0001 -->
