<?xml version="1.0" encoding="UTF-8"?>
<!-- Generated by org.testng.reporters.JUnitReportReporter -->
<testsuite hostname="DESKTOP-LMKUKFJ" failures="0" tests="2" name="sample.TC_0001" time="8.809" errors="0" timestamp="2023-03-09T15:00:22 IST" skipped="0">
  <testcase classname="sample.TC_0001" name="TC_008_Verify_all_elements_of_the_Select_status_drop_down" time="7.226"/>
  <system-out/>
  <testcase classname="sample.TC_0001" name="Login_Account" time="1.583"/>
  <system-out/>
</testsuite> <!-- sample.TC_0001 -->
