<?xml version="1.0" encoding="UTF-8"?>
<!-- Generated by org.testng.reporters.JUnitReportReporter -->
<testsuite hostname="DESKTOP-LMKUKFJ" failures="0" tests="6" name="Freedo_domain.vehicle_management1" time="68.041" errors="0" timestamp="2023-03-10T13:31:49 IST" skipped="0">
  <testcase classname="Freedo_domain.vehicle_management1" name="TC_0075_Verify_valid_vehicle_search_from_Search_by_City" time="9.854"/>
  <system-out/>
  <testcase classname="Freedo_domain.vehicle_management1" name="TC_0077_Verify_valid_vehicle_search_from_Search_by_Vehicle_Type" time="10.370"/>
  <system-out/>
  <testcase classname="Freedo_domain.vehicle_management1" name="TC_0074_Verify_Component_Vehicle_management" time="14.547"/>
  <system-out/>
  <testcase classname="Freedo_domain.vehicle_management1" name="TC_0076_Verify_valid_vehicle_search_from_Search_by_Location" time="11.896"/>
  <system-out/>
  <testcase classname="Freedo_domain.vehicle_management1" name="TC_0078_Verify_valid_vehicle_search_through_Search_by_Vehicle_no" time="9.019"/>
  <system-out/>
  <testcase classname="Freedo_domain.vehicle_management1" name="TC_0079_Verify_valid_vehicle_search_from_Search_by_Vehicle_Model" time="12.355"/>
  <system-out/>
</testsuite> <!-- Freedo_domain.vehicle_management1 -->
