<?xml version="1.0" encoding="UTF-8"?>
<!-- Generated by org.testng.reporters.JUnitReportReporter -->
<testsuite hostname="DESKTOP-LMKUKFJ" failures="0" tests="2" name="sample.TC_0001" time="14.857" errors="0" timestamp="2023-03-15T00:19:25 IST" skipped="0">
  <testcase classname="sample.TC_0001" name="Login_Account" time="6.555"/>
  <system-out/>
  <testcase classname="sample.TC_0001" name="TC_0036_verify_the_current_booking_details_under_info_and_summary" time="8.302"/>
  <system-out/>
</testsuite> <!-- sample.TC_0001 -->
