<?xml version="1.0" encoding="UTF-8"?>
<!-- Generated by org.testng.reporters.JUnitReportReporter -->
<testsuite hostname="DESKTOP-LMKUKFJ" failures="0" tests="2" name="sample.TC_0001" time="3.575" errors="0" timestamp="2023-03-10T20:26:09 IST" skipped="1">
  <testcase classname="sample.TC_0001" name="Login_Account" time="3.575"/>
  <system-out/>
  <testcase classname="sample.TC_0001" name="TC_0020_Verify_KYC_Status_drop_down_All_tab">
    <skipped/>
  </testcase> <!-- TC_0020_Verify_KYC_Status_drop_down_All_tab -->
  <system-out/>
</testsuite> <!-- sample.TC_0001 -->
