<?xml version="1.0" encoding="UTF-8"?>
<!-- Generated by org.testng.reporters.JUnitReportReporter -->
<testsuite hostname="DESKTOP-LMKUKFJ" failures="0" tests="29" name="Freedo_domain.user_management1" time="316.644" errors="0" timestamp="2023-03-14T00:50:20 IST" skipped="0">
  <testcase classname="Freedo_domain.user_management1" name="TC_001_verify_user_management_tab_under_admin" time="10.598"/>
  <system-out/>
  <testcase classname="Freedo_domain.user_management1" name="TC_002_verify_valid_register_user_by_name" time="10.282"/>
  <system-out/>
  <testcase classname="Freedo_domain.user_management1" name="TC_003_verify_valid_register_user_by_mobile_number" time="10.400"/>
  <system-out/>
  <testcase classname="Freedo_domain.user_management1" name="TC_004_verify_valid_register_user_by_email" time="10.877"/>
  <system-out/>
  <testcase classname="Freedo_domain.user_management1" name="TC_005_Verify_In_valid_register_user_search_by_user_name" time="3.145"/>
  <system-out/>
  <testcase classname="Freedo_domain.user_management1" name="TC_006_Verify_In_valid_register_user_search_by_user_mobile_number" time="3.100"/>
  <system-out/>
  <testcase classname="Freedo_domain.user_management1" name="TC_007_Verify_In_valid_register_user_search_by_user_email_id" time="3.471"/>
  <system-out/>
  <testcase classname="Freedo_domain.user_management1" name="TC_008_Verify_all_elements_of_the_Select_status_drop_down" time="5.907"/>
  <system-out/>
  <testcase classname="Freedo_domain.user_management1" name="TC_009_Verify_Select_status_drop_down_All_tab" time="14.279"/>
  <system-out/>
  <testcase classname="Freedo_domain.user_management1" name="TC_0010_Verify_Select_status_drop_down_Active_tab" time="14.171"/>
  <system-out/>
  <testcase classname="Freedo_domain.user_management1" name="TC_0011_Verify_Select_status_drop_down_InActive_tab" time="3.104"/>
  <system-out/>
  <testcase classname="Freedo_domain.user_management1" name="TC_0012_Verify_Select_status_drop_down_Deleted_tab" time="7.903"/>
  <system-out/>
  <testcase classname="Freedo_domain.user_management1" name="TC_0013_Verify_Select_status_drop_down_Blocked_tab" time="6.306"/>
  <system-out/>
  <testcase classname="Freedo_domain.user_management1" name="TC_0014_Verify_Select_status_drop_down_All_tab_negative" time="16.793"/>
  <system-out/>
  <testcase classname="Freedo_domain.user_management1" name="TC_0015_Verify_Select_status_drop_down_Active_tab_negative" time="16.884"/>
  <system-out/>
  <testcase classname="Freedo_domain.user_management1" name="TC_0016_Verify_Select_status_drop_down_InActive_tab_negative" time="5.154"/>
  <system-out/>
  <testcase classname="Freedo_domain.user_management1" name="TC_0017_Verify_Select_status_drop_down_Deleted_tab_negative" time="10.209"/>
  <system-out/>
  <testcase classname="Freedo_domain.user_management1" name="TC_0018_Verify_Select_status_drop_down_Blocked_tab_negative" time="8.327"/>
  <system-out/>
  <testcase classname="Freedo_domain.user_management1" name="TC_0019_Verify_all_the_elements_of_KYC_Status_drop_down" time="6.580"/>
  <system-out/>
  <testcase classname="Freedo_domain.user_management1" name="TC_0020_Verify_KYC_Status_drop_down_All_tab" time="19.924"/>
  <system-out/>
  <testcase classname="Freedo_domain.user_management1" name="TC_0021_Verify_KYC_Status_drop_down_Unverified_tab" time="21.802"/>
  <system-out/>
  <testcase classname="Freedo_domain.user_management1" name="TC_0022_Verify_KYC_Status_drop_down_Verified_tab" time="18.550"/>
  <system-out/>
  <testcase classname="Freedo_domain.user_management1" name="TC_0023_Verify_KYC_Status_drop_down_All_tab_negative" time="21.539"/>
  <system-out/>
  <testcase classname="Freedo_domain.user_management1" name="TC_0024_Verify_KYC_Status_drop_down_Unverified_tab_negative" time="23.261"/>
  <system-out/>
  <testcase classname="Freedo_domain.user_management1" name="TC_0025_Verify_KYC_Status_drop_down_Verified_tab_negative" time="19.134"/>
  <system-out/>
  <testcase classname="Freedo_domain.user_management1" name="TC_0026_verify_the_Reset_button_by_clicking_on_it" time="5.113"/>
  <system-out/>
  <testcase classname="Freedo_domain.user_management1" name="TC_0027_verify_the_Reset_button_by_clicking_on_it_negative" time="5.472"/>
  <system-out/>
  <testcase classname="Freedo_domain.user_management1" name="TC_0028_verify_the_Refresh_icon_by_clicking_on_it" time="1.354"/>
  <system-out/>
  <testcase classname="Freedo_domain.user_management1" name="TC_0029_verify_the_View_icon_by_clicking_on_it_under_Action" time="13.005"/>
  <system-out/>
</testsuite> <!-- Freedo_domain.user_management1 -->
