<?xml version="1.0" encoding="UTF-8"?>
<!-- Generated by org.testng.reporters.JUnitReportReporter -->
<testsuite hostname="DESKTOP-8KL260M" failures="0" tests="2" name="personnel_execution.TEST_NG_26" time="0.013" errors="0" timestamp="2022-11-24T21:44:40 PST" skipped="0">
  <testcase classname="personnel_execution.TEST_NG_26" name="Test2" time="0.002"/>
  <system-out/>
  <testcase classname="personnel_execution.TEST_NG_26" name="Test1" time="0.011"/>
  <system-out/>
</testsuite> <!-- personnel_execution.TEST_NG_26 -->
