<?xml version="1.0" encoding="UTF-8"?>
<!-- Generated by org.testng.reporters.JUnitReportReporter -->
<testsuite hostname="DESKTOP-ATC838I" failures="0" tests="1" name="Freedo_domain.TC_0002" time="3.202" errors="0" timestamp="2022-12-07T09:54:47 IST" skipped="0">
  <testcase classname="Freedo_domain.TC_0002" name="Justcheck" time="3.202"/>
  <system-out/>
</testsuite> <!-- Freedo_domain.TC_0002 -->
