<?xml version="1.0" encoding="UTF-8"?>
<!-- Generated by org.testng.reporters.JUnitReportReporter -->
<testsuite hostname="DESKTOP-8KL260M" failures="0" tests="3" name="personnel_execution.Current_Ac_Test2_28" time="0.036" errors="0" timestamp="2022-11-24T21:56:00 PST" skipped="0">
  <testcase classname="personnel_execution.Current_Ac_Test2_28" name="Test1" time="0.017"/>
  <system-out/>
  <testcase classname="personnel_execution.Current_Ac_Test2_28" name="Test2" time="0.013"/>
  <system-out/>
  <testcase classname="personnel_execution.Current_Ac_Test2_28" name="Test3" time="0.006"/>
  <system-out/>
</testsuite> <!-- personnel_execution.Current_Ac_Test2_28 -->
