<?xml version="1.0" encoding="UTF-8"?>
<!-- Generated by org.testng.reporters.JUnitReportReporter -->
<testsuite hostname="DESKTOP-LMKUKFJ" failures="0" tests="2" name="sample.TC_0001" time="16.398" errors="0" timestamp="2023-03-02T00:24:18 IST" skipped="0">
  <testcase classname="sample.TC_0001" name="Login_Account" time="1.458"/>
  <system-out/>
  <testcase classname="sample.TC_0001" name="TC_014_verify_admin_approve_request" time="14.940"/>
  <system-out/>
</testsuite> <!-- sample.TC_0001 -->
