<?xml version="1.0" encoding="UTF-8"?>
<!-- Generated by org.testng.reporters.JUnitReportReporter -->
<testsuite hostname="DESKTOP-LMKUKFJ" failures="0" tests="2" name="sample.TC_0001" time="15.313" errors="0" timestamp="2023-03-06T17:30:43 IST" skipped="0">
  <testcase classname="sample.TC_0001" name="Login_Account" time="1.352"/>
  <system-out/>
  <testcase classname="sample.TC_0001" name="TC_0078_Verify_valid_vehicle_search_through_Search_by_Vehicle_no" time="13.961"/>
  <system-out/>
</testsuite> <!-- sample.TC_0001 -->
