<?xml version="1.0" encoding="UTF-8"?>
<!-- Generated by org.testng.reporters.JUnitReportReporter -->
<testsuite hostname="DESKTOP-ATC838I" failures="0" tests="1" name="Freedo_domain.TS_002" time="7.953" errors="0" timestamp="2022-12-05T23:58:30 IST" skipped="0">
  <testcase classname="Freedo_domain.TS_002" name="TC001" time="7.953"/>
  <system-out/>
</testsuite> <!-- Freedo_domain.TS_002 -->
