<?xml version="1.0" encoding="UTF-8"?>
<!-- Generated by org.testng.reporters.JUnitReportReporter -->
<testsuite hostname="DESKTOP-LMKUKFJ" failures="0" tests="1" name="Freedo_domain.test1" time="1.764" errors="0" timestamp="2023-02-20T20:27:10 IST" skipped="0">
  <testcase classname="Freedo_domain.test1" name="TC_010_verify_valid_Booking_Statistics_count" time="1.764"/>
  <system-out/>
</testsuite> <!-- Freedo_domain.test1 -->
