<?xml version="1.0" encoding="UTF-8"?>
<!-- Generated by org.testng.reporters.JUnitReportReporter -->
<testsuite hostname="Prathmesh" failures="0" tests="3" name="Freedo_domain.TC_0001" time="40.933" errors="0" timestamp="2023-02-08T22:16:09 IST" skipped="0">
  <testcase classname="Freedo_domain.TC_0001" name="verify_manual_bike_booking" time="16.208"/>
  <system-out/>
  <testcase classname="Freedo_domain.TC_0001" name="Verify_user_Management_process" time="23.875"/>
  <system-out/>
  <testcase classname="Freedo_domain.TC_0001" name="Login_Account" time="0.850"/>
  <system-out/>
</testsuite> <!-- Freedo_domain.TC_0001 -->
