<?xml version="1.0" encoding="UTF-8"?>
<!-- Generated by org.testng.reporters.JUnitReportReporter -->
<testsuite hostname="DESKTOP-V3IDT5L" failures="0" tests="1" name="Merlin_domain.TC_0001" time="6.204" errors="0" timestamp="2022-11-23T23:39:42 IST" skipped="0">
  <testcase classname="Merlin_domain.TC_0001" name="Login_FB" time="6.204"/>
  <system-out/>
</testsuite> <!-- Merlin_domain.TC_0001 -->
