<?xml version="1.0" encoding="UTF-8"?>
<!-- Generated by org.testng.reporters.JUnitReportReporter -->
<testsuite hostname="DESKTOP-LMKUKFJ" failures="0" tests="14" name="Freedo_domain.web_admin_1" time="186.620" errors="0" timestamp="2023-03-06T14:24:47 IST" skipped="1">
  <testcase classname="Freedo_domain.web_admin_1" name="TC_010_verify_valid_Booking_Statistics_count" time="1.934"/>
  <system-out/>
  <testcase classname="Freedo_domain.web_admin_1" name="TC_007_verify_content_of_Dashboard" time="9.392"/>
  <system-out/>
  <testcase classname="Freedo_domain.web_admin_1" name="TC_005_verify_valid_Login_funcationality" time="2.827"/>
  <system-out/>
  <testcase classname="Freedo_domain.web_admin_1" name="TC_008_verify_valid_Vehicle_statistics_count" time="8.881"/>
  <system-out/>
  <testcase classname="Freedo_domain.web_admin_1" name="TC_012_verify_valid_Action_functionallity" time="57.406"/>
  <system-out/>
  <testcase classname="Freedo_domain.web_admin_1" name="TC_001_verify_valid_launch_of_web_application" time="0.109"/>
  <system-out/>
  <testcase classname="Freedo_domain.web_admin_1" name="TC_006_verify_content_Home_page_of_Admin" time="51.060"/>
  <system-out/>
  <testcase classname="Freedo_domain.web_admin_1" name="TC_009_verify_valid_User_Statistics_count" time="1.892"/>
  <system-out/>
  <testcase classname="Freedo_domain.web_admin_1" name="TC_011_verify_valid_Booking_list_as_per_booking_tabs" time="8.623"/>
  <system-out/>
  <testcase classname="Freedo_domain.web_admin_1" name="TC_002_verify_invalid_launch_of_web_application" time="4.153"/>
  <system-out/>
  <testcase classname="Freedo_domain.web_admin_1" name="TC_013_verify_valid_Action_View_icon_functionallity" time="0.967"/>
  <system-out/>
  <testcase classname="Freedo_domain.web_admin_1" name="TC_003_verify_invalid_Login_functionality" time="2.931"/>
  <system-out/>
  <testcase classname="Freedo_domain.web_admin_1" name="TC_014_verify_admin_approve_request" time="36.445"/>
  <system-out/>
  <testcase classname="Freedo_domain.web_admin_1" name="TC_004_verify_max_invalid_Login_attempt">
    <skipped/>
  </testcase> <!-- TC_004_verify_max_invalid_Login_attempt -->
  <system-out/>
</testsuite> <!-- Freedo_domain.web_admin_1 -->
