<?xml version="1.0" encoding="UTF-8"?>
<!-- Generated by org.testng.reporters.JUnitReportReporter -->
<testsuite hostname="DESKTOP-LMKUKFJ" failures="0" tests="2" name="sample.TC_0001" time="15.008" errors="0" timestamp="2023-03-06T00:18:54 IST" skipped="0">
  <testcase classname="sample.TC_0001" name="Login_Account" time="1.559"/>
  <system-out/>
  <testcase classname="sample.TC_0001" name="TC_0077_Verify_valid_vehicle_search_from_Search_by_Vehicle_Type" time="13.449"/>
  <system-out/>
</testsuite> <!-- sample.TC_0001 -->
