<?xml version="1.0" encoding="UTF-8"?>
<!-- Generated by org.testng.reporters.JUnitReportReporter -->
<<<<<<< HEAD
<testsuite hostname="DESKTOP-8KL260M" failures="0" tests="2" name="Merlin_domain.TC_0001" time="0.010" errors="1" timestamp="2022-11-24T21:29:16 PST" skipped="1">
  <testcase classname="Merlin_domain.TC_0001" name="BS" time="0.010">
    <error message="C:\Users\PM\eclipse-workspace\My_life\config_data\config.properties (The system cannot find the path specified)" type="java.io.FileNotFoundException">
      <![CDATA[java.io.FileNotFoundException: C:\Users\PM\eclipse-workspace\My_life\config_data\config.properties (The system cannot find the path specified)
at java.base/java.io.FileInputStream.open0(Native Method)
at java.base/java.io.FileInputStream.open(FileInputStream.java:216)
at java.base/java.io.FileInputStream.<init>(FileInputStream.java:157)
at java.base/java.io.FileInputStream.<init>(FileInputStream.java:111)
at com.utility.config_data_provider.<init>(config_data_provider.java:13)
at com.utility.base_class.BS(base_class.java:21)
at java.base/jdk.internal.reflect.NativeMethodAccessorImpl.invoke0(Native Method)
at java.base/jdk.internal.reflect.NativeMethodAccessorImpl.invoke(NativeMethodAccessorImpl.java:77)
at java.base/jdk.internal.reflect.DelegatingMethodAccessorImpl.invoke(DelegatingMethodAccessorImpl.java:43)
at java.base/java.lang.reflect.Method.invoke(Method.java:568)
at org.testng.internal.MethodInvocationHelper.invokeMethod(MethodInvocationHelper.java:133)
at org.testng.internal.MethodInvocationHelper.invokeMethodConsideringTimeout(MethodInvocationHelper.java:62)
at org.testng.internal.ConfigInvoker.invokeConfigurationMethod(ConfigInvoker.java:385)
at org.testng.internal.ConfigInvoker.invokeConfigurations(ConfigInvoker.java:321)
at org.testng.SuiteRunner.privateRun(SuiteRunner.java:317)
at org.testng.SuiteRunner.run(SuiteRunner.java:276)
at org.testng.SuiteRunnerWorker.runSuite(SuiteRunnerWorker.java:53)
at org.testng.SuiteRunnerWorker.run(SuiteRunnerWorker.java:96)
at org.testng.TestNG.runSuitesSequentially(TestNG.java:1212)
at org.testng.TestNG.runSuitesLocally(TestNG.java:1134)
at org.testng.TestNG.runSuites(TestNG.java:1063)
at org.testng.TestNG.run(TestNG.java:1031)
at org.testng.remote.AbstractRemoteTestNG.run(AbstractRemoteTestNG.java:115)
at org.testng.remote.RemoteTestNG.initAndRun(RemoteTestNG.java:251)
at org.testng.remote.RemoteTestNG.main(RemoteTestNG.java:77)
]]>
    </error>
  </testcase> <!-- BS -->
  <system-out/>
  <testcase classname="Merlin_domain.TC_0001" name="Login_FB" time="0.000">
    <skipped/>
  </testcase> <!-- Login_FB -->
=======
<testsuite hostname="DESKTOP-V3IDT5L" failures="0" tests="1" name="Merlin_domain.TC_0001" time="7.951" errors="0" timestamp="2022-11-25T21:42:38 IST" skipped="0">
  <testcase classname="Merlin_domain.TC_0001" name="Login_FB" time="7.951"/>
>>>>>>> 0e0dcae7c77847554e819ddf16fc7dcfc664a2b3
  <system-out/>
</testsuite> <!-- Merlin_domain.TC_0001 -->
