<?xml version="1.0" encoding="UTF-8"?>
<!-- Generated by org.testng.reporters.JUnitReportReporter -->
<testsuite hostname="DESKTOP-19KQ7J4" failures="0" tests="3" name="Freedo_domain.TC_0001" time="3.022" errors="0" timestamp="2023-01-03T00:57:29 IST" skipped="0">
  <testcase classname="Freedo_domain.TC_0001" name="Login_Account" time="1.178"/>
  <system-out/>
  <testcase classname="Freedo_domain.TC_0001" name="Login_Account" time="0.922"/>
  <system-out/>
  <testcase classname="Freedo_domain.TC_0001" name="Login_Account" time="0.922"/>
  <system-out/>
</testsuite> <!-- Freedo_domain.TC_0001 -->
