<?xml version="1.0" encoding="UTF-8"?>
<!-- Generated by org.testng.reporters.JUnitReportReporter -->
<testsuite hostname="DESKTOP-PUSD2PD" failures="0" tests="2" name="Freedo_domain.TC_0001" time="8.087" errors="0" timestamp="2023-01-05T16:23:20 IST" skipped="0">
  <testcase classname="Freedo_domain.TC_0001" name="Login_Account" time="1.142"/>
  <system-out/>
  <testcase classname="Freedo_domain.TC_0001" name="verify_manual_bike_booking" time="6.945"/>
  <system-out/>
</testsuite> <!-- Freedo_domain.TC_0001 -->
