<?xml version="1.0" encoding="UTF-8"?>
<!-- Generated by org.testng.reporters.JUnitReportReporter -->
<testsuite hostname="DESKTOP-LMKUKFJ" failures="0" tests="1" name="Freedo_domain.web_admin_2" time="0.029" errors="0" timestamp="2023-03-01T16:32:23 IST" skipped="0">
  <testcase classname="Freedo_domain.web_admin_2" name="TC_001_verify_valid_launch_of_web_application" time="0.029"/>
  <system-out/>
</testsuite> <!-- Freedo_domain.web_admin_2 -->
