<?xml version="1.0" encoding="UTF-8"?>
<!-- Generated by org.testng.reporters.JUnitReportReporter -->
<testsuite hostname="DESKTOP-LMKUKFJ" failures="0" tests="2" name="sample.TC_0001" time="8.681" errors="0" timestamp="2023-03-07T00:02:35 IST" skipped="0">
  <testcase classname="sample.TC_0001" name="Login_Account" time="1.455"/>
  <system-out/>
  <testcase classname="sample.TC_0001" name="TC_0079_Verify_valid_vehicle_search_from_Search_by_Vehicle_Model" time="7.226"/>
  <system-out/>
</testsuite> <!-- sample.TC_0001 -->
