<?xml version="1.0" encoding="UTF-8"?>
<!-- Generated by org.testng.reporters.JUnitReportReporter -->
<testsuite hostname="DESKTOP-ATC838I" failures="0" tests="1" name="Freedo_domain.TC_0002" time="3.409" errors="0" timestamp="2022-12-06T01:16:37 IST" skipped="0">
  <testcase classname="Freedo_domain.TC_0002" name="TC001" time="3.409"/>
  <system-out/>
</testsuite> <!-- Freedo_domain.TC_0002 -->
