<?xml version="1.0" encoding="UTF-8"?>
<!-- Generated by org.testng.reporters.JUnitReportReporter -->
<testsuite hostname="DESKTOP-ATC838I" failures="0" tests="1" name="Freedo_domain.TC_0001" time="6.261" errors="0" timestamp="2022-12-05T23:52:58 IST" skipped="0">
  <testcase classname="Freedo_domain.TC_0001" name="Login_FB" time="6.261"/>
  <system-out/>
</testsuite> <!-- Freedo_domain.TC_0001 -->
