<?xml version="1.0" encoding="UTF-8"?>
<!-- Generated by org.testng.reporters.JUnitReportReporter -->
<testsuite hostname="DESKTOP-LMKUKFJ" failures="0" tests="4" name="Freedo_domain.web_admin_2" time="46.935" errors="0" timestamp="2023-03-06T14:24:47 IST" skipped="0">
  <testcase classname="Freedo_domain.web_admin_2" name="TC_0076_Verify_valid_vehicle_search_from_Search_by_Location" time="11.796"/>
  <system-out/>
  <testcase classname="Freedo_domain.web_admin_2" name="TC_0075_Verify_valid_vehicle_search_from_Search_by_City" time="9.688"/>
  <system-out/>
  <testcase classname="Freedo_domain.web_admin_2" name="TC_0074_Verify_Component_Vehicle_management" time="15.093"/>
  <system-out/>
  <testcase classname="Freedo_domain.web_admin_2" name="TC_0077_Verify_valid_vehicle_search_from_Search_by_Vehicle_Type" time="10.358"/>
  <system-out/>
</testsuite> <!-- Freedo_domain.web_admin_2 -->
